生成启动时间为 2021/1/11 17:38:35。
     1>项目“E:\c\code\test_01_11\test_01_11\test_01_11.vcxproj”在节点 2 上(build 个目标)。
     1>InitializeBuildStatus:
         正在对“Debug\test_01_11.unsuccessfulbuild”执行 Touch 任务。
       ClCompile:
         E:\c\VC\bin\CL.exe /c /ZI /nologo /W3 /WX- /Od /Oy- /D _MBCS /Gm /EHsc /RTC1 /MDd /GS /fp:precise /Zc:wchar_t /Zc:forScope /Fo"Debug\\" /Fd"Debug\vc100.pdb" /Gd /TC /analyze- /errorReport:prompt test.c
         test.c
     1>e:\c\code\test_01_11\test_01_11\test.c(170): error C2143: 语法错误 : 缺少“;”(在“类型”的前面)
     1>e:\c\code\test_01_11\test_01_11\test.c(171): error C2065: “len”: 未声明的标识符
     1>e:\c\code\test_01_11\test_01_11\test.c(172): warning C4013: “reverse”未定义；假设外部返回 int
     1>e:\c\code\test_01_11\test_01_11\test.c(173): error C2065: “len”: 未声明的标识符
     1>e:\c\code\test_01_11\test_01_11\test.c(174): error C2065: “len”: 未声明的标识符
     1>e:\c\code\test_01_11\test_01_11\test.c(183): error C2143: 语法错误 : 缺少“;”(在“类型”的前面)
     1>e:\c\code\test_01_11\test_01_11\test.c(184): error C2065: “ret”: 未声明的标识符
     1>已完成生成项目“E:\c\code\test_01_11\test_01_11\test_01_11.vcxproj”(build 个目标)的操作 - 失败。

生成失败。

已用时间 00:00:00.39
